<?xml version="1.0" encoding="UTF-8"?>
<!-- Generated by org.testng.reporters.JUnitReportReporter -->
<testsuite hostname="VDDK35X-NU7695U" name="com.viacc.SecondTest" tests="1" failures="0" timestamp="30 Oct 2017 19:56:07 GMT" time="2.492" errors="0">
  <testcase name="Test2" time="2.492" classname="com.viacc.SecondTest"/>
</testsuite> <!-- com.viacc.SecondTest -->
