<?xml version="1.0" encoding="UTF-8"?>
<!-- Generated by org.testng.reporters.JUnitReportReporter -->
<testsuite hostname="VDDK35X-NU7695U" name="com.viacc.FirstTestCase" tests="1" failures="0" timestamp="30 Oct 2017 19:56:07 GMT" time="3.169" errors="0">
  <testcase name="Test1" time="3.169" classname="com.viacc.FirstTestCase"/>
</testsuite> <!-- com.viacc.FirstTestCase -->
