<?xml version="1.0" encoding="UTF-8"?>
<!-- Generated by org.testng.reporters.JUnitReportReporter -->
<testsuite hostname="VDDK35X-NU7695U" name="com.oops.inheritance.Liberty" tests="1" failures="0" timestamp="1 Jun 2018 06:13:56 GMT" time="0.016" errors="0">
  <testcase name="printAttributes" time="0.016" classname="com.oops.inheritance.Liberty"/>
</testsuite> <!-- com.oops.inheritance.Liberty -->
